{
  "stats": {
    "suites": 1,
    "tests": 14,
    "passes": 14,
    "pending": 0,
    "failures": 0,
    "start": "2024-06-14T13:12:18.943Z",
    "end": "2024-06-14T13:12:38.966Z",
    "duration": 20023,
    "testsRegistered": 14,
    "passPercent": 100,
    "pendingPercent": 0,
    "other": 0,
    "hasOther": false,
    "skipped": 0,
    "hasSkipped": false
  },
  "results": [
    {
      "uuid": "e3a2b1dd-b168-46fb-b3ac-c031f021f240",
      "title": "",
      "fullFile": "C:\\Users\\HP\\Desktop\\Zuitt Unit Testing\\Sessions\\B436\\s04\\activity\\test\\testRunner.js",
      "file": "\\test\\testRunner.js",
      "beforeHooks": [],
      "afterHooks": [],
      "tests": [],
      "suites": [
        {
          "uuid": "2e5bec3f-b9dc-475a-87ef-e28da1f65aaf",
          "title": "landing page test",
          "fullFile": "C:\\Users\\HP\\Desktop\\Zuitt Unit Testing\\Sessions\\B436\\s04\\activity\\test\\testRunner.js",
          "file": "\\test\\testRunner.js",
          "beforeHooks": [
            {
              "title": "\"before all\" hook in \"landing page test\"",
              "fullTitle": "landing page test \"before all\" hook in \"landing page test\"",
              "timedOut": false,
              "duration": 4631,
              "state": null,
              "speed": null,
              "pass": false,
              "fail": false,
              "pending": false,
              "context": null,
              "code": "driver = await new Builder().forBrowser('firefox').setFirefoxOptions(options).build();",
              "err": {},
              "uuid": "3f97bc81-829e-4cda-9eb8-9fba0c523319",
              "parentUUID": "2e5bec3f-b9dc-475a-87ef-e28da1f65aaf",
              "isHook": true,
              "skipped": false
            },
            {
              "title": "\"before each\" hook in \"landing page test\"",
              "fullTitle": "landing page test \"before each\" hook in \"landing page test\"",
              "timedOut": false,
              "duration": 0,
              "state": null,
              "speed": null,
              "pass": false,
              "fail": false,
              "pending": false,
              "context": null,
              "code": "totalTests++",
              "err": {},
              "uuid": "6b1bb3a4-c80d-4207-bd20-0311d214f219",
              "parentUUID": "2e5bec3f-b9dc-475a-87ef-e28da1f65aaf",
              "isHook": true,
              "skipped": false
            }
          ],
          "afterHooks": [
            {
              "title": "\"after all\" hook in \"landing page test\"",
              "fullTitle": "landing page test \"after all\" hook in \"landing page test\"",
              "timedOut": false,
              "duration": 1689,
              "state": null,
              "speed": null,
              "pass": false,
              "fail": false,
              "pending": false,
              "context": null,
              "code": "await driver.quit();\nconsole.log(\"=======================\")\nconsole.log(`Test Results: ${passedTests}/${totalTests}`);\nconsole.log(`Percentage: ${parseInt((passedTests/totalTests*100).toFixed(2))}%`)\nconsole.log(\"=======================\")",
              "err": {},
              "uuid": "b2c8fc50-38df-4d62-b5be-ead2d786b7a2",
              "parentUUID": "2e5bec3f-b9dc-475a-87ef-e28da1f65aaf",
              "isHook": true,
              "skipped": false
            },
            {
              "title": "\"after each\" hook in \"landing page test\"",
              "fullTitle": "landing page test \"after each\" hook in \"landing page test\"",
              "timedOut": false,
              "duration": 0,
              "state": null,
              "speed": null,
              "pass": false,
              "fail": false,
              "pending": false,
              "context": null,
              "code": "if (this.currentTest.state === \"passed\") {\n    passedTests++\n}",
              "err": {},
              "uuid": "bd50e07f-6782-415e-9d8c-914aa3838ed6",
              "parentUUID": "2e5bec3f-b9dc-475a-87ef-e28da1f65aaf",
              "isHook": true,
              "skipped": false
            }
          ],
          "tests": [
            {
              "title": "Page contains a navbar",
              "fullTitle": "landing page test Page contains a navbar",
              "timedOut": false,
              "duration": 3539,
              "state": "passed",
              "speed": "slow",
              "pass": true,
              "fail": false,
              "pending": false,
              "context": null,
              "code": "await driver.get(url)\nconst navbar = await driver.findElements(By.css('.navbar'))\nexpect(navbar.length).to.be.at.least(1, 'No navbar found on the page')",
              "err": {},
              "uuid": "2bd0d40f-bca2-4dc4-adf0-35497abd8bc1",
              "parentUUID": "2e5bec3f-b9dc-475a-87ef-e28da1f65aaf",
              "isHook": false,
              "skipped": false
            },
            {
              "title": "Navbar background color is \"rgb(255, 193, 7)\"",
              "fullTitle": "landing page test Navbar background color is \"rgb(255, 193, 7)\"",
              "timedOut": false,
              "duration": 728,
              "state": "passed",
              "speed": "slow",
              "pass": true,
              "fail": false,
              "pending": false,
              "context": null,
              "code": "await driver.get(url)\nconst navbar = await driver.findElement(By.css('.navbar'))\nconst bgColor = await navbar.getCssValue(\"background-color\")\nexpect(bgColor).to.equal(\"rgb(255, 193, 7)\", \"Navbar background color does not match rgb(255, 193, 7)\")",
              "err": {},
              "uuid": "b5b7a590-0d5b-457e-9ce1-40cd51569ec2",
              "parentUUID": "2e5bec3f-b9dc-475a-87ef-e28da1f65aaf",
              "isHook": false,
              "skipped": false
            },
            {
              "title": "Page body font is not \"Times New Roman\"",
              "fullTitle": "landing page test Page body font is not \"Times New Roman\"",
              "timedOut": false,
              "duration": 708,
              "state": "passed",
              "speed": "slow",
              "pass": true,
              "fail": false,
              "pending": false,
              "context": null,
              "code": "await driver.get(url)\nconst body = await driver.findElement(By.css('body'))\nconst fontFamily = await body.getCssValue(\"font-family\")\nexpect(fontFamily).to.not.include(\"Times New Roman\", \"Page body font should not be Times New Roman\")",
              "err": {},
              "uuid": "95e034a2-62eb-4f53-bb22-b4ad07d405ac",
              "parentUUID": "2e5bec3f-b9dc-475a-87ef-e28da1f65aaf",
              "isHook": false,
              "skipped": false
            },
            {
              "title": "Page heading fonts are \"Montserrat\"",
              "fullTitle": "landing page test Page heading fonts are \"Montserrat\"",
              "timedOut": false,
              "duration": 953,
              "state": "passed",
              "speed": "slow",
              "pass": true,
              "fail": false,
              "pending": false,
              "context": null,
              "code": "await driver.get(url)\nconst headings = await driver.findElements(By.css('h1, h2, h3, h4'));\nfor (let heading of headings) {\n    const fontFamily = await heading.getCssValue(\"font-family\")\n    expect(fontFamily).to.include(\"Montserrat\", \"Heading font does not include Montserrat\")\n}",
              "err": {},
              "uuid": "f309022e-56bb-4860-a017-cfbbe4515bdb",
              "parentUUID": "2e5bec3f-b9dc-475a-87ef-e28da1f65aaf",
              "isHook": false,
              "skipped": false
            },
            {
              "title": "Element with client name \"Jeff Bezos\" is an h1 or h2",
              "fullTitle": "landing page test Element with client name \"Jeff Bezos\" is an h1 or h2",
              "timedOut": false,
              "duration": 1028,
              "state": "passed",
              "speed": "slow",
              "pass": true,
              "fail": false,
              "pending": false,
              "context": null,
              "code": "await driver.get(url)\nconst element = await driver.findElement(By.xpath('//*[contains(text(), \"Jeff Bezos\")]'))\nconst tagName = await element.getTagName()\nexpect(['h1', 'h2']).to.include(tagName, 'Element with client name \"Jeff Bezos\" is not an h1 or h2')",
              "err": {},
              "uuid": "4ad0a528-6022-4ae8-bb4e-43d885b2c4eb",
              "parentUUID": "2e5bec3f-b9dc-475a-87ef-e28da1f65aaf",
              "isHook": false,
              "skipped": false
            },
            {
              "title": "Element with text \"Web Developer\" is an h3 or h4",
              "fullTitle": "landing page test Element with text \"Web Developer\" is an h3 or h4",
              "timedOut": false,
              "duration": 783,
              "state": "passed",
              "speed": "slow",
              "pass": true,
              "fail": false,
              "pending": false,
              "context": null,
              "code": "await driver.get(url)\nconst element = await driver.findElement(By.xpath('//*[contains(text(), \"Web Developer\")]'))\nconst tagName = await element.getTagName()\nexpect(['h3', 'h4']).to.include(tagName, 'Element with text \"Web Developer\" is not an h3 or h4')",
              "err": {},
              "uuid": "0a12ea88-79d3-4610-85c8-800358ea8c91",
              "parentUUID": "2e5bec3f-b9dc-475a-87ef-e28da1f65aaf",
              "isHook": false,
              "skipped": false
            },
            {
              "title": "Page has a link to GitLab",
              "fullTitle": "landing page test Page has a link to GitLab",
              "timedOut": false,
              "duration": 997,
              "state": "passed",
              "speed": "slow",
              "pass": true,
              "fail": false,
              "pending": false,
              "context": null,
              "code": "await driver.get(url)\nconst link = await driver.findElement(By.xpath('//a[contains(@href, \"gitlab\")]'))\nexpect(link).to.exist",
              "err": {},
              "uuid": "3361189f-757d-41b9-b888-64946740d290",
              "parentUUID": "2e5bec3f-b9dc-475a-87ef-e28da1f65aaf",
              "isHook": false,
              "skipped": false
            },
            {
              "title": "Page has a link to GitHub",
              "fullTitle": "landing page test Page has a link to GitHub",
              "timedOut": false,
              "duration": 848,
              "state": "passed",
              "speed": "slow",
              "pass": true,
              "fail": false,
              "pending": false,
              "context": null,
              "code": "await driver.get(url)\nconst link = await driver.findElement(By.xpath('//a[contains(@href, \"github\")]'))\nexpect(link).to.exist",
              "err": {},
              "uuid": "223e6114-e684-4833-a77c-c19e90d3b9ed",
              "parentUUID": "2e5bec3f-b9dc-475a-87ef-e28da1f65aaf",
              "isHook": false,
              "skipped": false
            },
            {
              "title": "Page has a link to Facebook",
              "fullTitle": "landing page test Page has a link to Facebook",
              "timedOut": false,
              "duration": 725,
              "state": "passed",
              "speed": "slow",
              "pass": true,
              "fail": false,
              "pending": false,
              "context": null,
              "code": "await driver.get(url)\nconst link = await driver.findElement(By.xpath('//a[contains(@href, \"facebook\")]'))\nexpect(link).to.exist",
              "err": {},
              "uuid": "200005d1-4afe-4db5-ae56-48a9ffaf4551",
              "parentUUID": "2e5bec3f-b9dc-475a-87ef-e28da1f65aaf",
              "isHook": false,
              "skipped": false
            },
            {
              "title": "Page has a link to LinkedIn",
              "fullTitle": "landing page test Page has a link to LinkedIn",
              "timedOut": false,
              "duration": 641,
              "state": "passed",
              "speed": "slow",
              "pass": true,
              "fail": false,
              "pending": false,
              "context": null,
              "code": "await driver.get(url)\nconst link = await driver.findElement(By.xpath('//a[contains(@href, \"linkedin\")]'))\nexpect(link).to.exist",
              "err": {},
              "uuid": "7c2cdcf2-84bd-4dbc-a8ad-38ef92b2469c",
              "parentUUID": "2e5bec3f-b9dc-475a-87ef-e28da1f65aaf",
              "isHook": false,
              "skipped": false
            },
            {
              "title": "Page has a contact form",
              "fullTitle": "landing page test Page has a contact form",
              "timedOut": false,
              "duration": 711,
              "state": "passed",
              "speed": "slow",
              "pass": true,
              "fail": false,
              "pending": false,
              "context": null,
              "code": "await driver.get(url)\nconst contactForms = await driver.findElements(By.css('form'))\nexpect(contactForms.length).to.be.at.least(1, \"No contact form found on the page\")",
              "err": {},
              "uuid": "555a0a84-55b4-41cb-8e88-2af12314136c",
              "parentUUID": "2e5bec3f-b9dc-475a-87ef-e28da1f65aaf",
              "isHook": false,
              "skipped": false
            },
            {
              "title": "Page has a text input in the contact form",
              "fullTitle": "landing page test Page has a text input in the contact form",
              "timedOut": false,
              "duration": 708,
              "state": "passed",
              "speed": "slow",
              "pass": true,
              "fail": false,
              "pending": false,
              "context": null,
              "code": "await driver.get(url)\nconst textInput = await driver.findElements(By.xpath('//form//input[@type=\"text\"]'))\nexpect(textInput.length).to.be.at.least(1, \"No text input found in the contact form\")",
              "err": {},
              "uuid": "1344afe6-c09f-4db6-9538-8173de778b1f",
              "parentUUID": "2e5bec3f-b9dc-475a-87ef-e28da1f65aaf",
              "isHook": false,
              "skipped": false
            },
            {
              "title": "Page has an email input in the contact form",
              "fullTitle": "landing page test Page has an email input in the contact form",
              "timedOut": false,
              "duration": 692,
              "state": "passed",
              "speed": "slow",
              "pass": true,
              "fail": false,
              "pending": false,
              "context": null,
              "code": "await driver.get(url)\nconst emailInput = await driver.findElements(By.xpath('//form//input[@type=\"email\"]'))\nexpect(emailInput.length).to.be.at.least(1, \"No email input found in the contact form\")",
              "err": {},
              "uuid": "6bd37110-a4f9-4a23-9fee-8b3f43f75546",
              "parentUUID": "2e5bec3f-b9dc-475a-87ef-e28da1f65aaf",
              "isHook": false,
              "skipped": false
            },
            {
              "title": "Page has a textarea in the contact form",
              "fullTitle": "landing page test Page has a textarea in the contact form",
              "timedOut": false,
              "duration": 579,
              "state": "passed",
              "speed": "slow",
              "pass": true,
              "fail": false,
              "pending": false,
              "context": null,
              "code": "await driver.get(url)\nconst textArea = await driver.findElements(By.css('textarea'))\nexpect(textArea.length).to.be.at.least(1, \"No textarea found in the contact form\")",
              "err": {},
              "uuid": "afcbcd35-f14d-4568-b18e-a248d51fb7df",
              "parentUUID": "2e5bec3f-b9dc-475a-87ef-e28da1f65aaf",
              "isHook": false,
              "skipped": false
            }
          ],
          "suites": [],
          "passes": [
            "2bd0d40f-bca2-4dc4-adf0-35497abd8bc1",
            "b5b7a590-0d5b-457e-9ce1-40cd51569ec2",
            "95e034a2-62eb-4f53-bb22-b4ad07d405ac",
            "f309022e-56bb-4860-a017-cfbbe4515bdb",
            "4ad0a528-6022-4ae8-bb4e-43d885b2c4eb",
            "0a12ea88-79d3-4610-85c8-800358ea8c91",
            "3361189f-757d-41b9-b888-64946740d290",
            "223e6114-e684-4833-a77c-c19e90d3b9ed",
            "200005d1-4afe-4db5-ae56-48a9ffaf4551",
            "7c2cdcf2-84bd-4dbc-a8ad-38ef92b2469c",
            "555a0a84-55b4-41cb-8e88-2af12314136c",
            "1344afe6-c09f-4db6-9538-8173de778b1f",
            "6bd37110-a4f9-4a23-9fee-8b3f43f75546",
            "afcbcd35-f14d-4568-b18e-a248d51fb7df"
          ],
          "failures": [],
          "pending": [],
          "skipped": [],
          "duration": 13640,
          "root": false,
          "rootEmpty": false,
          "_timeout": 30000
        }
      ],
      "passes": [],
      "failures": [],
      "pending": [],
      "skipped": [],
      "duration": 0,
      "root": true,
      "rootEmpty": true,
      "_timeout": 2000
    }
  ],
  "meta": {
    "mocha": {
      "version": "10.2.0"
    },
    "mochawesome": {
      "options": {
        "quiet": false,
        "reportFilename": "mochawesome",
        "saveHtml": true,
        "saveJson": true,
        "consoleReporter": "spec",
        "useInlineDiffs": false,
        "code": true
      },
      "version": "7.1.3"
    },
    "marge": {
      "options": {
        "reportDir": "reports"
      },
      "version": "6.2.0"
    }
  }
}